<?xml version="1.0" encoding="UTF-8"?>
<testng-results skipped="0" failed="0" ignored="0" total="1" passed="1">
  <reporter-output>
  </reporter-output>
  <suite name="Suite" duration-ms="8801" started-at="2021-04-26T15:45:10 IST" finished-at="2021-04-26T15:45:19 IST">
    <groups>
    </groups>
    <test name="Test" duration-ms="8801" started-at="2021-04-26T15:45:10 IST" finished-at="2021-04-26T15:45:19 IST">
      <class name="testScripts.LoginMethods">
        <test-method status="PASS" signature="openApplication()[pri:0, instance:testScripts.LoginMethods@3a883ce7]" name="openApplication" is-config="true" duration-ms="6312" started-at="2021-04-26T15:45:10 IST" finished-at="2021-04-26T15:45:16 IST">
          <reporter-output>
          </reporter-output>
        </test-method> <!-- openApplication -->
        <test-method status="PASS" signature="loginofGitHub()[pri:0, instance:testScripts.LoginMethods@3a883ce7]" name="loginofGitHub" duration-ms="2457" started-at="2021-04-26T15:45:16 IST" finished-at="2021-04-26T15:45:19 IST">
          <reporter-output>
          </reporter-output>
        </test-method> <!-- loginofGitHub -->
      </class> <!-- testScripts.LoginMethods -->
    </test> <!-- Test -->
  </suite> <!-- Suite -->
</testng-results>
