<?xml version="1.0" encoding="UTF-8"?>
<testng-results skipped="0" failed="0" ignored="0" total="1" passed="1">
  <reporter-output>
  </reporter-output>
  <suite name="Default suite" duration-ms="3660" started-at="2021-04-27T14:41:31 IST" finished-at="2021-04-27T14:41:34 IST">
    <groups>
    </groups>
    <test name="Default test" duration-ms="3660" started-at="2021-04-27T14:41:31 IST" finished-at="2021-04-27T14:41:34 IST">
      <class name="getRequest.POST_requestMethod">
        <test-method status="PASS" signature="postreqest()[pri:0, instance:getRequest.POST_requestMethod@5f282abb]" name="postreqest" duration-ms="3621" started-at="2021-04-27T14:41:31 IST" finished-at="2021-04-27T14:41:34 IST">
          <reporter-output>
          </reporter-output>
        </test-method> <!-- postreqest -->
      </class> <!-- getRequest.POST_requestMethod -->
    </test> <!-- Default test -->
  </suite> <!-- Default suite -->
</testng-results>
